# JRE version: Java(TM) SE Runtime Environment (17.0.6+9) (build 17.0.6+9-LTS-190)
# Java VM: Java HotSpot(TM) 64-Bit Server VM (17.0.6+9-LTS-190, mixed mode, sharing, tiered, compressed oops, compressed class ptrs, g1 gc, windows-amd64)
GC Precious Log:
 CPUs: 12 total, 12 available
 Memory: 16243M
 Large Page Support: Disabled
 NUMA Support: Disabled
 Compressed Oops: Enabled (Zero based)
 Heap Region Size: 2M
 Heap Min Capacity: 8M
 Heap Initial Capacity: 254M
 Heap Max Capacity: 4062M
 Pre-touch: Disabled
 Parallel Workers: 10
 Concurrent Workers: 3
 Concurrent Refinement Workers: 10
 Periodic GC: Disabled
Heap:
 garbage-first heap   total 98304K, used 57368K [0x0000000702200000, 0x0000000800000000)
  region size 2048K, 18 young (36864K), 3 survivors (6144K)
 Metaspace       used 63937K, committed 64448K, reserved 1105920K
  class space    used 8663K, committed 8896K, reserved 1048576K
GC Heap History (20 events):
Event: 1.842 GC heap before
{Heap before GC invocations=4 (full 0):
 garbage-first heap   total 61440K, used 41970K [0x0000000702200000, 0x0000000800000000)
  region size 2048K, 18 young (36864K), 4 survivors (8192K)
 Metaspace       used 24371K, committed 24576K, reserved 1073152K
  class space    used 3109K, committed 3200K, reserved 1048576K
}
Event: 1.847 GC heap after
{Heap after GC invocations=5 (full 0):
 garbage-first heap   total 61440K, used 15318K [0x0000000702200000, 0x0000000800000000)
  region size 2048K, 2 young (4096K), 2 survivors (4096K)
 Metaspace       used 24371K, committed 24576K, reserved 1073152K
  class space    used 3109K, committed 3200K, reserved 1048576K
}
Event: 1.871 GC heap before
{Heap before GC invocations=5 (full 0):
 garbage-first heap   total 61440K, used 15318K [0x0000000702200000, 0x0000000800000000)
  region size 2048K, 3 young (6144K), 2 survivors (4096K)
 Metaspace       used 24540K, committed 24768K, reserved 1073152K
  class space    used 3140K, committed 3264K, reserved 1048576K
}
Event: 1.873 GC heap after
{Heap after GC invocations=6 (full 0):
 garbage-first heap   total 61440K, used 15515K [0x0000000702200000, 0x0000000800000000)
  region size 2048K, 1 young (2048K), 1 survivors (2048K)
 Metaspace       used 24540K, committed 24768K, reserved 1073152K
  class space    used 3140K, committed 3264K, reserved 1048576K
}
Event: 2.252 GC heap before
{Heap before GC invocations=6 (full 0):
 garbage-first heap   total 61440K, used 40091K [0x0000000702200000, 0x0000000800000000)
  region size 2048K, 13 young (26624K), 1 survivors (2048K)
 Metaspace       used 28863K, committed 29248K, reserved 1081344K
  class space    used 3741K, committed 3904K, reserved 1048576K
}
Event: 2.258 GC heap after
{Heap after GC invocations=7 (full 0):
 garbage-first heap   total 61440K, used 17735K [0x0000000702200000, 0x0000000800000000)
  region size 2048K, 2 young (4096K), 2 survivors (4096K)
 Metaspace       used 28863K, committed 29248K, reserved 1081344K
  class space    used 3741K, committed 3904K, reserved 1048576K
}
Event: 2.607 GC heap before
{Heap before GC invocations=7 (full 0):
 garbage-first heap   total 61440K, used 42311K [0x0000000702200000, 0x0000000800000000)
  region size 2048K, 14 young (28672K), 2 survivors (4096K)
 Metaspace       used 32865K, committed 33216K, reserved 1081344K
  class space    used 4247K, committed 4416K, reserved 1048576K
}
Event: 2.613 GC heap after
{Heap after GC invocations=8 (full 0):
 garbage-first heap   total 161792K, used 19898K [0x0000000702200000, 0x0000000800000000)
  region size 2048K, 2 young (4096K), 2 survivors (4096K)
 Metaspace       used 32865K, committed 33216K, reserved 1081344K
  class space    used 4247K, committed 4416K, reserved 1048576K
}
Event: 2.842 GC heap before
{Heap before GC invocations=8 (full 0):
 garbage-first heap   total 161792K, used 38330K [0x0000000702200000, 0x0000000800000000)
  region size 2048K, 12 young (24576K), 2 survivors (4096K)
 Metaspace       used 35538K, committed 35968K, reserved 1081344K
  class space    used 4569K, committed 4800K, reserved 1048576K
}
Event: 2.845 GC heap after
{Heap after GC invocations=9 (full 0):
 garbage-first heap   total 161792K, used 21289K [0x0000000702200000, 0x0000000800000000)
  region size 2048K, 2 young (4096K), 2 survivors (4096K)
 Metaspace       used 35538K, committed 35968K, reserved 1081344K
  class space    used 4569K, committed 4800K, reserved 1048576K
}
Event: 3.355 GC heap before
{Heap before GC invocations=10 (full 0):
 garbage-first heap   total 81920K, used 66345K [0x0000000702200000, 0x0000000800000000)
  region size 2048K, 24 young (49152K), 2 survivors (4096K)
 Metaspace       used 45327K, committed 45696K, reserved 1089536K
  class space    used 5942K, committed 6144K, reserved 1048576K
}
Event: 3.360 GC heap after
{Heap after GC invocations=11 (full 0):
 garbage-first heap   total 81920K, used 23065K [0x0000000702200000, 0x0000000800000000)
  region size 2048K, 2 young (4096K), 2 survivors (4096K)
 Metaspace       used 45327K, committed 45696K, reserved 1089536K
  class space    used 5942K, committed 6144K, reserved 1048576K
}
Event: 3.870 GC heap before
{Heap before GC invocations=11 (full 0):
 garbage-first heap   total 81920K, used 61977K [0x0000000702200000, 0x0000000800000000)
  region size 2048K, 21 young (43008K), 2 survivors (4096K)
 Metaspace       used 53778K, committed 54144K, reserved 1097728K
  class space    used 7252K, committed 7424K, reserved 1048576K
}
Event: 3.875 GC heap after
{Heap after GC invocations=12 (full 0):
 garbage-first heap   total 81920K, used 24292K [0x0000000702200000, 0x0000000800000000)
  region size 2048K, 3 young (6144K), 3 survivors (6144K)
 Metaspace       used 53778K, committed 54144K, reserved 1097728K
  class space    used 7252K, committed 7424K, reserved 1048576K
}
Event: 4.282 GC heap before
{Heap before GC invocations=12 (full 0):
 garbage-first heap   total 81920K, used 63204K [0x0000000702200000, 0x0000000800000000)
  region size 2048K, 22 young (45056K), 3 survivors (6144K)
 Metaspace       used 59285K, committed 59712K, reserved 1105920K
  class space    used 7972K, committed 8192K, reserved 1048576K
}
Event: 4.290 GC heap after
{Heap after GC invocations=13 (full 0):
 garbage-first heap   total 81920K, used 26641K [0x0000000702200000, 0x0000000800000000)
  region size 2048K, 2 young (4096K), 2 survivors (4096K)
 Metaspace       used 59285K, committed 59712K, reserved 1105920K
  class space    used 7972K, committed 8192K, reserved 1048576K
}
Event: 4.319 GC heap before
{Heap before GC invocations=13 (full 0):
 garbage-first heap   total 81920K, used 28689K [0x0000000702200000, 0x0000000800000000)
  region size 2048K, 4 young (8192K), 2 survivors (4096K)
 Metaspace       used 59683K, committed 60160K, reserved 1105920K
  class space    used 8022K, committed 8192K, reserved 1048576K
}
Event: 4.324 GC heap after
{Heap after GC invocations=14 (full 0):
 garbage-first heap   total 98304K, used 26897K [0x0000000702200000, 0x0000000800000000)
  region size 2048K, 2 young (4096K), 2 survivors (4096K)
 Metaspace       used 59683K, committed 60160K, reserved 1105920K
  class space    used 8022K, committed 8192K, reserved 1048576K
}
Event: 4.695 GC heap before
{Heap before GC invocations=15 (full 0):
 garbage-first heap   total 98304K, used 74001K [0x0000000702200000, 0x0000000800000000)
  region size 2048K, 25 young (51200K), 2 survivors (4096K)
 Metaspace       used 62698K, committed 63168K, reserved 1105920K
  class space    used 8485K, committed 8704K, reserved 1048576K
}
Event: 4.697 GC heap after
{Heap after GC invocations=16 (full 0):
 garbage-first heap   total 98304K, used 28696K [0x0000000702200000, 0x0000000800000000)
  region size 2048K, 3 young (6144K), 3 survivors (6144K)
 Metaspace       used 62698K, committed 63168K, reserved 1105920K
  class space    used 8485K, committed 8704K, reserved 1048576K
}

